c:\users\yujin\source\repos\week3_ex\debug\vc142.pdb
c:\users\yujin\source\repos\week3_ex\debug\vc142.idb
c:\users\yujin\source\repos\week3_ex\debug\ex6.obj
c:\users\yujin\source\repos\week3_ex\debug\ex5.obj
c:\users\yujin\source\repos\week3_ex\debug\ex4.obj
c:\users\yujin\source\repos\week3_ex\debug\ex3.obj
c:\users\yujin\source\repos\week3_ex\debug\ex2.obj
c:\users\yujin\source\repos\week3_ex\debug\ex1.obj
c:\users\yujin\source\repos\week3_ex\debug\week3_ex.pdb
c:\users\yujin\source\repos\week3_ex\debug\week3_ex.tlog\cl.command.1.tlog
c:\users\yujin\source\repos\week3_ex\debug\week3_ex.tlog\cl.read.1.tlog
c:\users\yujin\source\repos\week3_ex\debug\week3_ex.tlog\cl.write.1.tlog
c:\users\yujin\source\repos\week3_ex\debug\week3_ex.tlog\link.23120-cvtres.read.1.tlog
c:\users\yujin\source\repos\week3_ex\debug\week3_ex.tlog\link.23120-cvtres.write.1.tlog
c:\users\yujin\source\repos\week3_ex\debug\week3_ex.tlog\link.23120-rc.read.1.tlog
c:\users\yujin\source\repos\week3_ex\debug\week3_ex.tlog\link.23120-rc.write.1.tlog
c:\users\yujin\source\repos\week3_ex\debug\week3_ex.tlog\link.23120.read.1.tlog
c:\users\yujin\source\repos\week3_ex\debug\week3_ex.tlog\link.23120.write.1.tlog
c:\users\yujin\source\repos\week3_ex\debug\week3_ex.tlog\link.command.1.tlog
c:\users\yujin\source\repos\week3_ex\debug\week3_ex.tlog\link.read.1.tlog
c:\users\yujin\source\repos\week3_ex\debug\week3_ex.tlog\link.write.1.tlog
